android/app/build/intermediates/manifest_merge_blame_file/release/manifest-merger-blame-release-report.txt
1<?xml version="1.0" encoding="utf-8"?>
2<manifest xmlns:android="http://schemas.android.com/apk/res/android"
3    package="com.example.webdro"
4    android:versionCode="2"
5    android:versionName="1.0.0" >
6
7    <uses-sdk
8        android:minSdkVersion="26"
9        android:targetSdkVersion="34" />
10
11    <uses-feature
11-->src/main/AndroidManifest.xml:5:5-7:36
12        android:name="android.hardware.camera"
12-->src/main/AndroidManifest.xml:6:9-47
13        android:required="false" />
13-->src/main/AndroidManifest.xml:7:9-33
14
15    <uses-permission android:name="android.permission.CAMERA" />
15-->src/main/AndroidManifest.xml:9:5-65
15-->src/main/AndroidManifest.xml:9:22-62
16    <uses-permission android:name="android.permission.INTERNET" />
16-->src/main/AndroidManifest.xml:10:5-67
16-->src/main/AndroidManifest.xml:10:22-64
17    <uses-permission android:name="android.permission.FOREGROUND_SERVICE" />
17-->src/main/AndroidManifest.xml:11:5-77
17-->src/main/AndroidManifest.xml:11:22-74
18    <uses-permission android:name="android.permission.FOREGROUND_SERVICE_CAMERA" />
18-->src/main/AndroidManifest.xml:12:5-84
18-->src/main/AndroidManifest.xml:12:22-81
19    <!-- Wake lock to keep screen on needed? Or just FLAG_KEEP_SCREEN_ON -->
20    <uses-permission android:name="android.permission.WAKE_LOCK" />
20-->src/main/AndroidManifest.xml:14:5-68
20-->src/main/AndroidManifest.xml:14:22-65
21
22    <queries>
22-->[androidx.camera:camera-extensions:1.3.1] AndroidManifest.xml:22:5-26:15
23        <intent>
23-->[androidx.camera:camera-extensions:1.3.1] AndroidManifest.xml:23:9-25:18
24            <action android:name="androidx.camera.extensions.action.VENDOR_ACTION" />
24-->[androidx.camera:camera-extensions:1.3.1] AndroidManifest.xml:24:13-86
24-->[androidx.camera:camera-extensions:1.3.1] AndroidManifest.xml:24:21-83
25        </intent>
26    </queries>
27
28    <permission
28-->[androidx.core:core:1.12.0] AndroidManifest.xml:22:5-24:47
29        android:name="com.example.webdro.DYNAMIC_RECEIVER_NOT_EXPORTED_PERMISSION"
29-->[androidx.core:core:1.12.0] AndroidManifest.xml:23:9-81
30        android:protectionLevel="signature" />
30-->[androidx.core:core:1.12.0] AndroidManifest.xml:24:9-44
31
32    <uses-permission android:name="com.example.webdro.DYNAMIC_RECEIVER_NOT_EXPORTED_PERMISSION" />
32-->[androidx.core:core:1.12.0] AndroidManifest.xml:26:5-97
32-->[androidx.core:core:1.12.0] AndroidManifest.xml:26:22-94
33
34    <application
34-->src/main/AndroidManifest.xml:16:5-37:19
35        android:allowBackup="true"
35-->src/main/AndroidManifest.xml:17:9-35
36        android:appComponentFactory="androidx.core.app.CoreComponentFactory"
36-->[androidx.core:core:1.12.0] AndroidManifest.xml:28:18-86
37        android:dataExtractionRules="@xml/data_extraction_rules"
37-->src/main/AndroidManifest.xml:18:9-65
38        android:extractNativeLibs="false"
39        android:fullBackupContent="@xml/backup_rules"
39-->src/main/AndroidManifest.xml:19:9-54
40        android:icon="@drawable/ic_android_green"
40-->src/main/AndroidManifest.xml:20:9-50
41        android:label="PocketCam"
41-->src/main/AndroidManifest.xml:21:9-34
42        android:roundIcon="@drawable/ic_android_green"
42-->src/main/AndroidManifest.xml:22:9-55
43        android:supportsRtl="true"
43-->src/main/AndroidManifest.xml:23:9-35
44        android:theme="@style/Theme.WebDro" >
44-->src/main/AndroidManifest.xml:24:9-44
45        <activity
45-->src/main/AndroidManifest.xml:27:9-36:20
46            android:name="com.example.webdro.MainActivity"
46-->src/main/AndroidManifest.xml:28:13-41
47            android:exported="true"
47-->src/main/AndroidManifest.xml:29:13-36
48            android:screenOrientation="portrait"
48-->src/main/AndroidManifest.xml:31:13-49
49            android:theme="@style/Theme.WebDro" >
49-->src/main/AndroidManifest.xml:30:13-48
50            <intent-filter>
50-->src/main/AndroidManifest.xml:32:13-35:29
51                <action android:name="android.intent.action.MAIN" />
51-->src/main/AndroidManifest.xml:33:17-69
51-->src/main/AndroidManifest.xml:33:25-66
52
53                <category android:name="android.intent.category.LAUNCHER" />
53-->src/main/AndroidManifest.xml:34:17-77
53-->src/main/AndroidManifest.xml:34:27-74
54            </intent-filter>
55        </activity>
56
57        <uses-library
57-->[androidx.camera:camera-extensions:1.3.1] AndroidManifest.xml:29:9-31:40
58            android:name="androidx.camera.extensions.impl"
58-->[androidx.camera:camera-extensions:1.3.1] AndroidManifest.xml:30:13-59
59            android:required="false" />
59-->[androidx.camera:camera-extensions:1.3.1] AndroidManifest.xml:31:13-37
60
61        <service
61-->[androidx.camera:camera-camera2:1.3.1] AndroidManifest.xml:24:9-33:19
62            android:name="androidx.camera.core.impl.MetadataHolderService"
62-->[androidx.camera:camera-camera2:1.3.1] AndroidManifest.xml:25:13-75
63            android:enabled="false"
63-->[androidx.camera:camera-camera2:1.3.1] AndroidManifest.xml:26:13-36
64            android:exported="false" >
64-->[androidx.camera:camera-camera2:1.3.1] AndroidManifest.xml:27:13-37
65            <meta-data
65-->[androidx.camera:camera-camera2:1.3.1] AndroidManifest.xml:30:13-32:89
66                android:name="androidx.camera.core.impl.MetadataHolderService.DEFAULT_CONFIG_PROVIDER"
66-->[androidx.camera:camera-camera2:1.3.1] AndroidManifest.xml:31:17-103
67                android:value="androidx.camera.camera2.Camera2Config$DefaultProvider" />
67-->[androidx.camera:camera-camera2:1.3.1] AndroidManifest.xml:32:17-86
68        </service>
69
70        <provider
70-->[androidx.emoji2:emoji2:1.2.0] AndroidManifest.xml:24:9-32:20
71            android:name="androidx.startup.InitializationProvider"
71-->[androidx.emoji2:emoji2:1.2.0] AndroidManifest.xml:25:13-67
72            android:authorities="com.example.webdro.androidx-startup"
72-->[androidx.emoji2:emoji2:1.2.0] AndroidManifest.xml:26:13-68
73            android:exported="false" >
73-->[androidx.emoji2:emoji2:1.2.0] AndroidManifest.xml:27:13-37
74            <meta-data
74-->[androidx.emoji2:emoji2:1.2.0] AndroidManifest.xml:29:13-31:52
75                android:name="androidx.emoji2.text.EmojiCompatInitializer"
75-->[androidx.emoji2:emoji2:1.2.0] AndroidManifest.xml:30:17-75
76                android:value="androidx.startup" />
76-->[androidx.emoji2:emoji2:1.2.0] AndroidManifest.xml:31:17-49
77            <meta-data
77-->[androidx.lifecycle:lifecycle-process:2.6.1] AndroidManifest.xml:29:13-31:52
78                android:name="androidx.lifecycle.ProcessLifecycleInitializer"
78-->[androidx.lifecycle:lifecycle-process:2.6.1] AndroidManifest.xml:30:17-78
79                android:value="androidx.startup" />
79-->[androidx.lifecycle:lifecycle-process:2.6.1] AndroidManifest.xml:31:17-49
80            <meta-data
80-->[androidx.profileinstaller:profileinstaller:1.3.0] AndroidManifest.xml:29:13-31:52
81                android:name="androidx.profileinstaller.ProfileInstallerInitializer"
81-->[androidx.profileinstaller:profileinstaller:1.3.0] AndroidManifest.xml:30:17-85
82                android:value="androidx.startup" />
82-->[androidx.profileinstaller:profileinstaller:1.3.0] AndroidManifest.xml:31:17-49
83        </provider>
84
85        <receiver
85-->[androidx.profileinstaller:profileinstaller:1.3.0] AndroidManifest.xml:34:9-52:20
86            android:name="androidx.profileinstaller.ProfileInstallReceiver"
86-->[androidx.profileinstaller:profileinstaller:1.3.0] AndroidManifest.xml:35:13-76
87            android:directBootAware="false"
87-->[androidx.profileinstaller:profileinstaller:1.3.0] AndroidManifest.xml:36:13-44
88            android:enabled="true"
88-->[androidx.profileinstaller:profileinstaller:1.3.0] AndroidManifest.xml:37:13-35
89            android:exported="true"
89-->[androidx.profileinstaller:profileinstaller:1.3.0] AndroidManifest.xml:38:13-36
90            android:permission="android.permission.DUMP" >
90-->[androidx.profileinstaller:profileinstaller:1.3.0] AndroidManifest.xml:39:13-57
91            <intent-filter>
91-->[androidx.profileinstaller:profileinstaller:1.3.0] AndroidManifest.xml:40:13-42:29
92                <action android:name="androidx.profileinstaller.action.INSTALL_PROFILE" />
92-->[androidx.profileinstaller:profileinstaller:1.3.0] AndroidManifest.xml:41:17-91
92-->[androidx.profileinstaller:profileinstaller:1.3.0] AndroidManifest.xml:41:25-88
93            </intent-filter>
94            <intent-filter>
94-->[androidx.profileinstaller:profileinstaller:1.3.0] AndroidManifest.xml:43:13-45:29
95                <action android:name="androidx.profileinstaller.action.SKIP_FILE" />
95-->[androidx.profileinstaller:profileinstaller:1.3.0] AndroidManifest.xml:44:17-85
95-->[androidx.profileinstaller:profileinstaller:1.3.0] AndroidManifest.xml:44:25-82
96            </intent-filter>
97            <intent-filter>
97-->[androidx.profileinstaller:profileinstaller:1.3.0] AndroidManifest.xml:46:13-48:29
98                <action android:name="androidx.profileinstaller.action.SAVE_PROFILE" />
98-->[androidx.profileinstaller:profileinstaller:1.3.0] AndroidManifest.xml:47:17-88
98-->[androidx.profileinstaller:profileinstaller:1.3.0] AndroidManifest.xml:47:25-85
99            </intent-filter>
100            <intent-filter>
100-->[androidx.profileinstaller:profileinstaller:1.3.0] AndroidManifest.xml:49:13-51:29
101                <action android:name="androidx.profileinstaller.action.BENCHMARK_OPERATION" />
101-->[androidx.profileinstaller:profileinstaller:1.3.0] AndroidManifest.xml:50:17-95
101-->[androidx.profileinstaller:profileinstaller:1.3.0] AndroidManifest.xml:50:25-92
102            </intent-filter>
103        </receiver>
104    </application>
105
106</manifest>